0 info it worked if it ends with ok
1 verbose cli [ '/Users/zhangmuren/.nvm/versions/node/v8.9.0/bin/node',
1 verbose cli   '/usr/local/lib/node_modules/tnpm/node_modules/npm/bin/npm-cli.js',
1 verbose cli   '--cache=/Users/zhangmuren/.tnpm',
1 verbose cli   '--tmp=/Users/zhangmuren/.tnpm_tmp',
1 verbose cli   '--no-proxy',
1 verbose cli   '--disturl=https://tnpm-hz.oss-cn-hangzhou.aliyuncs.com/dist/node',
1 verbose cli   '--userconfig=/Users/zhangmuren/.tnpmrc',
1 verbose cli   '--registry=http://registry.npm.alibaba-inc.com',
1 verbose cli   'publish' ]
2 info using npm@3.10.10
3 info using node@v8.9.0
4 verbose publish [ '.' ]
5 silly cache add args [ '.', null ]
6 verbose cache add spec .
7 silly cache add parsed spec Result {
7 silly cache add   raw: '.',
7 silly cache add   scope: null,
7 silly cache add   escapedName: null,
7 silly cache add   name: null,
7 silly cache add   rawSpec: '.',
7 silly cache add   spec: '/Users/zhangmuren/project/parser/intellij-sql-editor',
7 silly cache add   type: 'directory' }
8 verbose addLocalDirectory /Users/zhangmuren/.tnpm/@ali/intellij-sql-editor/0.0.20/package.tgz not in flight; packing
9 verbose correctMkdir /Users/zhangmuren/.tnpm correctMkdir not in flight; initializing
10 info lifecycle @ali/intellij-sql-editor@0.0.20~prepublish: @ali/intellij-sql-editor@0.0.20
11 silly lifecycle @ali/intellij-sql-editor@0.0.20~prepublish: no script for prepublish, continuing
12 verbose tar pack [ '/Users/zhangmuren/.tnpm/@ali/intellij-sql-editor/0.0.20/package.tgz',
12 verbose tar pack   '/Users/zhangmuren/project/parser/intellij-sql-editor' ]
13 verbose tarball /Users/zhangmuren/.tnpm/@ali/intellij-sql-editor/0.0.20/package.tgz
14 verbose folder /Users/zhangmuren/project/parser/intellij-sql-editor
15 verbose addLocalTarball adding from inside cache /Users/zhangmuren/.tnpm/@ali/intellij-sql-editor/0.0.20/package.tgz
16 verbose correctMkdir /Users/zhangmuren/.tnpm correctMkdir not in flight; initializing
17 silly cache afterAdd @ali/intellij-sql-editor@0.0.20
18 verbose afterAdd /Users/zhangmuren/.tnpm/@ali/intellij-sql-editor/0.0.20/package/package.json not in flight; writing
19 verbose correctMkdir /Users/zhangmuren/.tnpm correctMkdir not in flight; initializing
20 verbose afterAdd /Users/zhangmuren/.tnpm/@ali/intellij-sql-editor/0.0.20/package/package.json written
21 silly publish { name: '@ali/intellij-sql-editor',
21 silly publish   version: '0.0.20',
21 silly publish   description: 'haskell 写 parser',
21 silly publish   main: 'lib/index.js',
21 silly publish   scripts:
21 silly publish    { 'odps-compile': 'tsc && node lib/meta/ODPS/index.js',
21 silly publish      'hive-compile': 'tsc && node lib/meta/Hive/index.js',
21 silly publish      'compile-opds-parser': 'tsc sql-parser/ODPS/index.ts',
21 silly publish      'compile-hive-parser': 'tsc sql-parser/Hive/index.ts',
21 silly publish      parser: 'tsc && node lib/sql-parser/index.js',
21 silly publish      dev: 'tsc -w',
21 silly publish      start: 'cross-env UV_THREADPOOL_SIZE=100 NODE_ENV=development webpack-dev-server --config webpack.config.dev.js',
21 silly publish      test: 'tsc && node lib/test.js' },
21 silly publish   publishConfig: { registry: 'http://registry.npm.alibaba-inc.com' },
21 silly publish   repository:
21 silly publish    { type: 'git',
21 silly publish      url: 'git+ssh://git@github.com/nefe/intellij-sql-editor.git' },
21 silly publish   bin: {},
21 silly publish   files: [ 'lib', 'bin', 'src', '*.md' ],
21 silly publish   author: { name: 'NEFE' },
21 silly publish   license: 'MIT',
21 silly publish   devDependencies:
21 silly publish    { '@types/fs-extra': '^5.0.0',
21 silly publish      '@types/lodash': '^4.14.80',
21 silly publish      '@types/node': '^8.0.47',
21 silly publish      '@types/prettier': '^1.10.0',
21 silly publish      'monaco-editor-core': '0.12.0',
21 silly publish      'monaco-languages': '1.0.0',
21 silly publish      'monaco-plugin-helpers': '^1.0.2',
21 silly publish      requirejs: '^2.3.5',
21 silly publish      typescript: '2.7.2',
21 silly publish      'uglify-js': '^3.3.14',
21 silly publish      'vscode-languageserver-types': '3.6.1' },
21 silly publish   dependencies:
21 silly publish    { chalk: '^2.3.0',
21 silly publish      chevrotain: '^3.1.0',
21 silly publish      'cross-env': '^5.1.4',
21 silly publish      'fs-extra': '^5.0.0',
21 silly publish      'lodash-amd': '^4.17.10',
21 silly publish      prettier: '1.9',
21 silly publish      'ts-loader': '^4.2.0',
21 silly publish      typescript: '^2.6.1',
21 silly publish      'vscode-nls': '^3.2.2',
21 silly publish      webpack: '^4.6.0',
21 silly publish      'webpack-cli': '^2.0.15',
21 silly publish      'worker-loader': '^1.1.1' },
21 silly publish   readme: '# haskell\n\nhaskell 写 parser\n\n```haskell\nplusParser :: Parser Char\nplusParser = xxxx\n\nnumberParser :: Parser Int\nnumberParser = xxxx\n\ndata Op a b = Op a b a\n\nplusOperationParser :: Parser (Op a b)\nplusOperationParser = do\n  a <- numberParser\n  plusParser\n  b <- numberParser\n  return $ Op a \'+\' b\n```\n\n优势，写 Parser 的过程和 lexer grammer 一一对应。\n\n# sql lexcer grammer\n\n可以先看 sqlite-parser 来写一些简单的语法。渐进加强。\n\nhttps://www.sqlite.org/lang_select.html\n\nselect-stmt\n\nselect [\'\', \'distinct\', \'all\'][result-column, ] [from ]\n\nlexcial grammer（antlr）\nhttps://github.com/antlr/grammars-v4\n\n# 原则\n\n1、静态类型\n\n# 语言\n\nhive 2.3 & odps\n\n# 流程\n\n## 总体\n\n1、text -> parser\n2、parser 动态构建\n3、language server(worker)\n4、智能编辑器\n\n## 具体\n\n0、找到一个 lexcer grammer，包含 tokenizer，Node,Statment\n1、生成一堆 tokenizer，每个包含 tokenKind 正则。\n2、将代码不断用正则匹配，得到 token 列表，\n3、生成一堆继承 Node(基类)的 Statment，写一堆 parser 方法，eat tokenizer，parse 表达式（自底向上）特别的，Token 是叶子 Node。\n1）eat 可以生成 MissingToken。\n2）当出错后，问父级是否可以处理，如果可以，生成 MissingToken。如果所有父级无法处理，生成 SkippedToken\n4、生成 AST。\n5、当代码变化后，检测到变化的位置，进行 AST 的增量动态变化，复用现有节点。并制定限制复用节点列表（边缘 case）。\n6、检测代码（SkippedToken、MissingToken、递归调用每个节点 checkDiagnose 方法）\n7、根据位置获取节点（自动提醒）\n\n## 参考文献\n\nhttps://github.com/Microsoft/tolerant-php-parser/blob/master/docs/HowItWorks.md\n\nhttps://github.com/SAP/chevrotain\n\nodps 官网: https://help.aliyun.com/document_detail/27808.html?spm=a2c4g.11186623.4.11.TVftxQ\n\nhttps://cwiki.apache.org/confluence/display/Hive/LanguageManual+DDL\n\nhttps://github.com/antlr/antlr4/blob/master/doc/grammars.md\n\nhttps://github.com/apache/hive/blob/master/ql/src/java/org/apache/hadoop/hive/ql/parse/HiveLexer.g\n\nhttps://github.com/apache/hive/blob/master/hplsql/src/main/antlr4/org/apache/hive/hplsql/Hplsql.g4\n\nhttps://github.com/antlr/grammars-v4/blob/master/javascript/JavaScriptParser.g4\n',
21 silly publish   readmeFilename: 'README.md',
21 silly publish   gitHead: 'fea426f0cebe2d2da426114fab78ab6e2401517c',
21 silly publish   bugs: { url: 'https://github.com/nefe/intellij-sql-editor/issues' },
21 silly publish   homepage: 'https://github.com/nefe/intellij-sql-editor#readme',
21 silly publish   _id: '@ali/intellij-sql-editor@0.0.20',
21 silly publish   _shasum: '4509f73e7a1efba1a7147452936f9174a9445c7b',
21 silly publish   _from: '.' }
22 verbose getPublishConfig { registry: 'http://registry.npm.alibaba-inc.com' }
23 silly mapToRegistry name @ali/intellij-sql-editor
24 silly mapToRegistry scope (from package name) @ali
25 verbose mapToRegistry no registry URL found in name for scope @ali
26 silly mapToRegistry using default registry
27 silly mapToRegistry registry http://registry.npm.alibaba-inc.com
28 silly mapToRegistry data Result {
28 silly mapToRegistry   raw: '@ali/intellij-sql-editor',
28 silly mapToRegistry   scope: '@ali',
28 silly mapToRegistry   escapedName: '@ali%2fintellij-sql-editor',
28 silly mapToRegistry   name: '@ali/intellij-sql-editor',
28 silly mapToRegistry   rawSpec: '',
28 silly mapToRegistry   spec: 'latest',
28 silly mapToRegistry   type: 'tag' }
29 silly mapToRegistry uri http://registry.npm.alibaba-inc.com/@ali%2fintellij-sql-editor
30 verbose publish registryBase http://registry.npm.alibaba-inc.com/
31 silly publish uploading /Users/zhangmuren/.tnpm/@ali/intellij-sql-editor/0.0.20/package.tgz
32 verbose request uri http://registry.npm.alibaba-inc.com/@ali%2fintellij-sql-editor
33 verbose request sending authorization for write operation
34 info attempt registry request try #1 at 14:38:37
35 verbose request id 79695c8427a907c3
36 http request PUT http://registry.npm.alibaba-inc.com/@ali%2fintellij-sql-editor
37 http 403 http://registry.npm.alibaba-inc.com/@ali%2fintellij-sql-editor
38 verbose headers { server: 'Tengine',
38 verbose headers   date: 'Thu, 22 Nov 2018 06:38:33 GMT',
38 verbose headers   'content-type': 'application/json; charset=utf-8',
38 verbose headers   'content-length': '75',
38 verbose headers   connection: 'keep-alive',
38 verbose headers   'keep-alive': 'timeout=5',
38 verbose headers   'x-current-requests': '301',
38 verbose headers   vary: 'Origin',
38 verbose headers   'x-readtime': '154' }
39 verbose request invalidating /Users/zhangmuren/.tnpm/registry.npm.alibaba-inc.com/_40ali_252fintellij-sql-editor on PUT
40 error publish Failed PUT 403
41 verbose stack Error: forbidden cannot modify pre-existing version: 0.0.20: @ali/intellij-sql-editor
41 verbose stack     at makeError (/usr/local/lib/node_modules/tnpm/node_modules/npm/node_modules/npm-registry-client/lib/request.js:302:12)
41 verbose stack     at CachingRegistryClient.<anonymous> (/usr/local/lib/node_modules/tnpm/node_modules/npm/node_modules/npm-registry-client/lib/request.js:290:14)
41 verbose stack     at Request._callback (/usr/local/lib/node_modules/tnpm/node_modules/npm/node_modules/npm-registry-client/lib/request.js:210:14)
41 verbose stack     at Request.self.callback (/usr/local/lib/node_modules/tnpm/node_modules/npm/node_modules/request/request.js:187:22)
41 verbose stack     at emitTwo (events.js:126:13)
41 verbose stack     at Request.emit (events.js:214:7)
41 verbose stack     at Request.<anonymous> (/usr/local/lib/node_modules/tnpm/node_modules/npm/node_modules/request/request.js:1048:10)
41 verbose stack     at emitOne (events.js:116:13)
41 verbose stack     at Request.emit (events.js:211:7)
41 verbose stack     at IncomingMessage.<anonymous> (/usr/local/lib/node_modules/tnpm/node_modules/npm/node_modules/request/request.js:969:12)
42 verbose statusCode 403
43 verbose pkgid @ali/intellij-sql-editor
44 verbose cwd /Users/zhangmuren/project/parser/intellij-sql-editor
45 error Darwin 17.2.0
46 error argv "/Users/zhangmuren/.nvm/versions/node/v8.9.0/bin/node" "/usr/local/lib/node_modules/tnpm/node_modules/npm/bin/npm-cli.js" "--cache=/Users/zhangmuren/.tnpm" "--tmp=/Users/zhangmuren/.tnpm_tmp" "--no-proxy" "--disturl=https://tnpm-hz.oss-cn-hangzhou.aliyuncs.com/dist/node" "--userconfig=/Users/zhangmuren/.tnpmrc" "--registry=http://registry.npm.alibaba-inc.com" "publish"
47 error node v8.9.0
48 error npm  v3.10.10
49 error code E403
50 error forbidden cannot modify pre-existing version: 0.0.20: @ali/intellij-sql-editor
51 error If you need help, you may report this error at:
51 error     <https://github.com/npm/npm/issues>
52 verbose exit [ 1, true ]
